2022-04-13 00:24:05,865 - INFO     - Server_Socket_multiprocess.py :95    - main                   - démarrage application in PID 14036
2022-04-13 00:24:06,065 - INFO     - Server_Socket_multiprocess.py :112   - main                   - 'Attente de connexion in PID 14036
2022-04-13 00:24:06,625 - INFO     - Gestion_Process.py            :12    - f_process              - demarrage supervision in PID 21508
2022-04-13 00:24:10,180 - INFO     - Server_Socket_multiprocess.py :115   - main                   - connexion  ('127.0.0.1', 60829) accepté in PID 14036
2022-04-13 00:24:10,208 - INFO     - Server_Socket_multiprocess.py :112   - main                   - 'Attente de connexion in PID 14036
2022-04-13 00:24:10,534 - INFO     - Server_Socket_multiprocess.py :52    - f_agv                  - entree dans le process : adr_ip = 127.0.0.1  port = 60829 in PID 7444
2022-04-13 00:24:10,535 - INFO     - Server_Socket_multiprocess.py :54    - f_agv                  - donnees[CON_INFO] in PID 7444
2022-04-13 00:24:11,204 - INFO     - traite_trame.py               :56    - gestion_trame          - 10 02 162073ACSFD50S81104100003000000f10p1001Y1E0F14163üu in PID 7444
2022-04-13 00:24:11,274 - INFO     - Gestion_Process.py            :32    - f_process              - Supervision : AGV_08 {'dde_acquit': 0, 'etat_bumper': False, 'etat_presence': True, 'etat_auto': '1', 'etat_radar': '1', 'etat_au': '1', 'num_tag': '1001', 'suivi_fil': '1', 'cpt_trame': '50'} in PID 21508
2022-04-13 00:24:11,704 - INFO     - traite_trame.py               :56    - gestion_trame          - 10 02 162073ACSFD51S81104100003000000f10p1002Y1E0F14163üu in PID 7444
2022-04-13 00:24:11,707 - INFO     - Gestion_Process.py            :32    - f_process              - Supervision : AGV_08 {'dde_acquit': 0, 'etat_bumper': False, 'etat_presence': True, 'etat_auto': '1', 'etat_radar': '1', 'etat_au': '1', 'num_tag': '1002', 'suivi_fil': '1', 'cpt_trame': '51'} in PID 21508
2022-04-13 00:24:12,218 - INFO     - traite_trame.py               :56    - gestion_trame          - 10 02 162073ACSFD52S81104100003000000f10p0500Y1E0F14163üu in PID 7444
2022-04-13 00:24:12,265 - INFO     - Gestion_Process.py            :32    - f_process              - Supervision : AGV_08 {'dde_acquit': 0, 'etat_bumper': False, 'etat_presence': True, 'etat_auto': '1', 'etat_radar': '1', 'etat_au': '1', 'num_tag': '0500', 'suivi_fil': '1', 'cpt_trame': '52'} in PID 21508
2022-04-13 00:24:12,727 - INFO     - traite_trame.py               :56    - gestion_trame          - 10 02 162073ACSFD53S81104100003000000f10p1003Y1E0F14163üu in PID 7444
2022-04-13 00:24:12,759 - INFO     - Gestion_Process.py            :32    - f_process              - Supervision : AGV_08 {'dde_acquit': 0, 'etat_bumper': False, 'etat_presence': True, 'etat_auto': '1', 'etat_radar': '1', 'etat_au': '1', 'num_tag': '1003', 'suivi_fil': '1', 'cpt_trame': '53'} in PID 21508
2022-04-13 00:24:13,234 - INFO     - traite_trame.py               :56    - gestion_trame          - 10 02 162073ACSFD54S81104100003000000f10p1004Y1E0F14163üu in PID 7444
2022-04-13 00:24:13,251 - INFO     - Gestion_Process.py            :32    - f_process              - Supervision : AGV_08 {'dde_acquit': 0, 'etat_bumper': False, 'etat_presence': True, 'etat_auto': '1', 'etat_radar': '1', 'etat_au': '1', 'num_tag': '1004', 'suivi_fil': '1', 'cpt_trame': '54'} in PID 21508
2022-04-13 00:24:13,745 - INFO     - traite_trame.py               :56    - gestion_trame          - 10 02 162073ACSFD55S81104100003000000f10p1005Y1E0F14163üu in PID 7444
2022-04-13 00:24:13,808 - INFO     - Gestion_Process.py            :32    - f_process              - Supervision : AGV_08 {'dde_acquit': 0, 'etat_bumper': False, 'etat_presence': True, 'etat_auto': '1', 'etat_radar': '1', 'etat_au': '1', 'num_tag': '1005', 'suivi_fil': '1', 'cpt_trame': '55'} in PID 21508
2022-04-13 00:24:14,255 - INFO     - traite_trame.py               :56    - gestion_trame          - 10 02 162073ACSFD56S81104100003000000f10p1006Y1E0F14163üu in PID 7444
2022-04-13 00:24:14,303 - INFO     - Gestion_Process.py            :32    - f_process              - Supervision : AGV_08 {'dde_acquit': 0, 'etat_bumper': False, 'etat_presence': True, 'etat_auto': '1', 'etat_radar': '1', 'etat_au': '1', 'num_tag': '1006', 'suivi_fil': '1', 'cpt_trame': '56'} in PID 21508
2022-04-13 00:24:14,765 - INFO     - traite_trame.py               :56    - gestion_trame          - 10 02 162073ACSFD57S81104100003000000f10p0501Y1E0F14163üu in PID 7444
2022-04-13 00:24:14,797 - INFO     - Gestion_Process.py            :32    - f_process              - Supervision : AGV_08 {'dde_acquit': 0, 'etat_bumper': False, 'etat_presence': True, 'etat_auto': '1', 'etat_radar': '1', 'etat_au': '1', 'num_tag': '0501', 'suivi_fil': '1', 'cpt_trame': '57'} in PID 21508
2022-04-13 00:24:15,272 - INFO     - Server_Socket_multiprocess.py :71    - f_agv                  - erreur de socket : [WinError 10054] Une connexion existante a dû être fermée par l’hôte distant in PID 7444
2022-04-13 00:24:15,273 - INFO     - Server_Socket_multiprocess.py :79    - f_agv                  - suppression de la connexion : adr_ip = 127.0.0.1  port = 60829 in PID 7444
2022-04-13 00:24:15,274 - INFO     - Server_Socket_multiprocess.py :84    - f_agv                  - sortie du process : adr_ip = 127.0.0.1  port = 60829 in PID 7444
2022-04-13 00:24:18,462 - INFO     - Server_Socket_multiprocess.py :115   - main                   - connexion  ('127.0.0.1', 60833) accepté in PID 14036
2022-04-13 00:24:18,483 - INFO     - Server_Socket_multiprocess.py :112   - main                   - 'Attente de connexion in PID 14036
2022-04-13 00:24:18,939 - INFO     - Server_Socket_multiprocess.py :52    - f_agv                  - entree dans le process : adr_ip = 127.0.0.1  port = 60833 in PID 16532
2022-04-13 00:24:18,939 - INFO     - Server_Socket_multiprocess.py :54    - f_agv                  - donnees[CON_INFO] in PID 16532
2022-04-13 00:24:19,473 - INFO     - traite_trame.py               :56    - gestion_trame          - 10 02 162073ACSFD50S81104100003000000f10p1001Y1E0F14163üu in PID 16532
2022-04-13 00:24:19,522 - INFO     - Gestion_Process.py            :32    - f_process              - Supervision : AGV_08 {'dde_acquit': 0, 'etat_bumper': False, 'etat_presence': True, 'etat_auto': '1', 'etat_radar': '1', 'etat_au': '1', 'num_tag': '1001', 'suivi_fil': '1', 'cpt_trame': '50'} in PID 21508
2022-04-13 00:24:19,987 - INFO     - traite_trame.py               :56    - gestion_trame          - 10 02 162073ACSFD51S81104100003000000f10p1002Y1E0F14163üu in PID 16532
2022-04-13 00:24:20,016 - INFO     - Gestion_Process.py            :32    - f_process              - Supervision : AGV_08 {'dde_acquit': 0, 'etat_bumper': False, 'etat_presence': True, 'etat_auto': '1', 'etat_radar': '1', 'etat_au': '1', 'num_tag': '1002', 'suivi_fil': '1', 'cpt_trame': '51'} in PID 21508
2022-04-13 00:24:20,510 - INFO     - traite_trame.py               :56    - gestion_trame          - 10 02 162073ACSFD52S81104100003000000f10p0500Y1E0F14163üu in PID 16532
2022-04-13 00:24:20,571 - INFO     - Gestion_Process.py            :32    - f_process              - Supervision : AGV_08 {'dde_acquit': 0, 'etat_bumper': False, 'etat_presence': True, 'etat_auto': '1', 'etat_radar': '1', 'etat_au': '1', 'num_tag': '0500', 'suivi_fil': '1', 'cpt_trame': '52'} in PID 21508
2022-04-13 00:24:21,018 - INFO     - traite_trame.py               :56    - gestion_trame          - 10 02 162073ACSFD53S81104100003000000f10p1003Y1E0F14163üu in PID 16532
2022-04-13 00:24:21,070 - INFO     - Gestion_Process.py            :32    - f_process              - Supervision : AGV_08 {'dde_acquit': 0, 'etat_bumper': False, 'etat_presence': True, 'etat_auto': '1', 'etat_radar': '1', 'etat_au': '1', 'num_tag': '1003', 'suivi_fil': '1', 'cpt_trame': '53'} in PID 21508
2022-04-13 00:24:21,528 - INFO     - traite_trame.py               :56    - gestion_trame          - 10 02 162073ACSFD54S81104100003000000f10p1004Y1E0F14163üu in PID 16532
2022-04-13 00:24:21,558 - INFO     - Gestion_Process.py            :32    - f_process              - Supervision : AGV_08 {'dde_acquit': 0, 'etat_bumper': False, 'etat_presence': True, 'etat_auto': '1', 'etat_radar': '1', 'etat_au': '1', 'num_tag': '1004', 'suivi_fil': '1', 'cpt_trame': '54'} in PID 21508
2022-04-13 00:24:21,589 - INFO     - Server_Socket_multiprocess.py :71    - f_agv                  - erreur de socket : [WinError 10054] Une connexion existante a dû être fermée par l’hôte distant in PID 16532
2022-04-13 00:24:21,589 - INFO     - Server_Socket_multiprocess.py :79    - f_agv                  - suppression de la connexion : adr_ip = 127.0.0.1  port = 60833 in PID 16532
2022-04-13 00:24:21,589 - INFO     - Server_Socket_multiprocess.py :84    - f_agv                  - sortie du process : adr_ip = 127.0.0.1  port = 60833 in PID 16532
2022-04-13 00:27:17,152 - INFO     - Server_Socket_multiprocess.py :95    - main                   - démarrage application in PID 18924
2022-04-13 00:27:17,264 - INFO     - Server_Socket_multiprocess.py :112   - main                   - 'Attente de connexion in PID 18924
2022-04-13 00:27:17,599 - INFO     - Gestion_Process.py            :12    - f_process              - demarrage supervision in PID 740
2022-04-13 00:29:49,103 - INFO     - Server_Socket_multiprocess.py :95    - main                   - démarrage application in PID 22676
2022-04-13 00:29:49,462 - INFO     - Server_Socket_multiprocess.py :112   - main                   - 'Attente de connexion in PID 22676
2022-04-13 00:29:49,707 - INFO     - Gestion_Process.py            :12    - f_process              - demarrage supervision in PID 8240
2022-04-13 10:37:10,797 - INFO     - Server_Socket_multiprocess.py :95    - main                   - démarrage application in PID 22044
2022-04-13 10:37:10,908 - INFO     - Server_Socket_multiprocess.py :112   - main                   - 'Attente de connexion in PID 22044
2022-04-13 10:37:11,186 - INFO     - Gestion_Process.py            :12    - f_process              - demarrage supervision in PID 16600
2022-04-13 10:39:36,515 - INFO     - Server_Socket_multiprocess.py :115   - main                   - connexion  ('127.0.0.1', 57946) accepté in PID 22044
2022-04-13 10:39:36,546 - INFO     - Server_Socket_multiprocess.py :112   - main                   - 'Attente de connexion in PID 22044
2022-04-13 10:39:36,866 - INFO     - Server_Socket_multiprocess.py :52    - f_agv                  - entree dans le process : adr_ip = 127.0.0.1  port = 57946 in PID 23476
2022-04-13 10:39:36,868 - INFO     - Server_Socket_multiprocess.py :54    - f_agv                  - donnees[CON_INFO] in PID 23476
2022-04-13 10:39:37,525 - INFO     - traite_trame.py               :56    - gestion_trame          - 10 02 162073ACSFD50S81104100003000000f10p1001Y1E0F14163üu in PID 23476
2022-04-13 10:39:37,610 - INFO     - Gestion_Process.py            :32    - f_process              - Supervision : AGV_08 {'dde_acquit': 0, 'etat_bumper': False, 'etat_presence': True, 'etat_auto': '1', 'etat_radar': '1', 'etat_au': '1', 'num_tag': '1001', 'suivi_fil': '1', 'cpt_trame': '50'} in PID 16600
2022-04-13 10:39:38,032 - INFO     - traite_trame.py               :56    - gestion_trame          - 10 02 162073ACSFD51S81104100003000000f10p1002Y1E0F14163üu in PID 23476
2022-04-13 10:39:38,054 - INFO     - Gestion_Process.py            :32    - f_process              - Supervision : AGV_08 {'dde_acquit': 0, 'etat_bumper': False, 'etat_presence': True, 'etat_auto': '1', 'etat_radar': '1', 'etat_au': '1', 'num_tag': '1002', 'suivi_fil': '1', 'cpt_trame': '51'} in PID 16600
2022-04-13 10:39:38,542 - INFO     - traite_trame.py               :56    - gestion_trame          - 10 02 162073ACSFD52S81104100003000000f10p0500Y1E0F14163üu in PID 23476
2022-04-13 10:39:38,605 - INFO     - Gestion_Process.py            :32    - f_process              - Supervision : AGV_08 {'dde_acquit': 0, 'etat_bumper': False, 'etat_presence': True, 'etat_auto': '1', 'etat_radar': '1', 'etat_au': '1', 'num_tag': '0500', 'suivi_fil': '1', 'cpt_trame': '52'} in PID 16600
2022-04-13 10:39:39,051 - INFO     - traite_trame.py               :56    - gestion_trame          - 10 02 162073ACSFD53S81104100003000000f10p1003Y1E0F14163üu in PID 23476
2022-04-13 10:39:39,098 - INFO     - Gestion_Process.py            :32    - f_process              - Supervision : AGV_08 {'dde_acquit': 0, 'etat_bumper': False, 'etat_presence': True, 'etat_auto': '1', 'etat_radar': '1', 'etat_au': '1', 'num_tag': '1003', 'suivi_fil': '1', 'cpt_trame': '53'} in PID 16600
2022-04-13 10:39:39,559 - INFO     - traite_trame.py               :56    - gestion_trame          - 10 02 162073ACSFD54S81104100003000000f10p1004Y1E0F14163üu in PID 23476
2022-04-13 10:39:39,590 - INFO     - Gestion_Process.py            :32    - f_process              - Supervision : AGV_08 {'dde_acquit': 0, 'etat_bumper': False, 'etat_presence': True, 'etat_auto': '1', 'etat_radar': '1', 'etat_au': '1', 'num_tag': '1004', 'suivi_fil': '1', 'cpt_trame': '54'} in PID 16600
2022-04-13 10:39:40,067 - INFO     - traite_trame.py               :56    - gestion_trame          - 10 02 162073ACSFD55S81104100003000000f10p1005Y1E0F14163üu in PID 23476
2022-04-13 10:39:40,083 - INFO     - Gestion_Process.py            :32    - f_process              - Supervision : AGV_08 {'dde_acquit': 0, 'etat_bumper': False, 'etat_presence': True, 'etat_auto': '1', 'etat_radar': '1', 'etat_au': '1', 'num_tag': '1005', 'suivi_fil': '1', 'cpt_trame': '55'} in PID 16600
2022-04-13 10:39:40,577 - INFO     - traite_trame.py               :56    - gestion_trame          - 10 02 162073ACSFD56S81104100003000000f10p1006Y1E0F14163üu in PID 23476
2022-04-13 10:39:40,640 - INFO     - Gestion_Process.py            :32    - f_process              - Supervision : AGV_08 {'dde_acquit': 0, 'etat_bumper': False, 'etat_presence': True, 'etat_auto': '1', 'etat_radar': '1', 'etat_au': '1', 'num_tag': '1006', 'suivi_fil': '1', 'cpt_trame': '56'} in PID 16600
2022-04-13 10:39:41,086 - INFO     - traite_trame.py               :56    - gestion_trame          - 10 02 162073ACSFD57S81104100003000000f10p0501Y1E0F14163üu in PID 23476
2022-04-13 10:39:41,132 - INFO     - Gestion_Process.py            :32    - f_process              - Supervision : AGV_08 {'dde_acquit': 0, 'etat_bumper': False, 'etat_presence': True, 'etat_auto': '1', 'etat_radar': '1', 'etat_au': '1', 'num_tag': '0501', 'suivi_fil': '1', 'cpt_trame': '57'} in PID 16600
2022-04-13 10:39:41,596 - INFO     - traite_trame.py               :56    - gestion_trame          - 10 02 162073ACSFD58S81104100003000000f10p1007Y1E0F14163üu in PID 23476
2022-04-13 10:39:41,629 - INFO     - Gestion_Process.py            :32    - f_process              - Supervision : AGV_08 {'dde_acquit': 0, 'etat_bumper': False, 'etat_presence': True, 'etat_auto': '1', 'etat_radar': '1', 'etat_au': '1', 'num_tag': '1007', 'suivi_fil': '1', 'cpt_trame': '58'} in PID 16600
2022-04-13 10:39:42,106 - INFO     - traite_trame.py               :56    - gestion_trame          - 10 02 162073ACSFD59S81104100003000000f10p1008Y1E0F14163üu in PID 23476
2022-04-13 10:39:42,123 - INFO     - Gestion_Process.py            :32    - f_process              - Supervision : AGV_08 {'dde_acquit': 0, 'etat_bumper': False, 'etat_presence': True, 'etat_auto': '1', 'etat_radar': '1', 'etat_au': '1', 'num_tag': '1008', 'suivi_fil': '1', 'cpt_trame': '59'} in PID 16600
2022-04-13 10:39:42,613 - INFO     - traite_trame.py               :56    - gestion_trame          - 10 02 162073ACSFD50S81104100003000000f10p1009Y1E0F14163üu in PID 23476
2022-04-13 10:39:42,676 - INFO     - Gestion_Process.py            :32    - f_process              - Supervision : AGV_08 {'dde_acquit': 0, 'etat_bumper': False, 'etat_presence': True, 'etat_auto': '1', 'etat_radar': '1', 'etat_au': '1', 'num_tag': '1009', 'suivi_fil': '1', 'cpt_trame': '50'} in PID 16600
2022-04-13 10:39:43,122 - INFO     - traite_trame.py               :56    - gestion_trame          - 10 02 162073ACSFD51S81104100003000000f10p1010Y1E0F14163üu in PID 23476
2022-04-13 10:39:43,170 - INFO     - Gestion_Process.py            :32    - f_process              - Supervision : AGV_08 {'dde_acquit': 0, 'etat_bumper': False, 'etat_presence': True, 'etat_auto': '1', 'etat_radar': '1', 'etat_au': '1', 'num_tag': '1010', 'suivi_fil': '1', 'cpt_trame': '51'} in PID 16600
2022-04-13 10:39:43,632 - INFO     - traite_trame.py               :56    - gestion_trame          - 10 02 162073ACSFD52S81104100003000000f10p1011Y1E0F14163üu in PID 23476
2022-04-13 10:39:43,662 - INFO     - Gestion_Process.py            :32    - f_process              - Supervision : AGV_08 {'dde_acquit': 0, 'etat_bumper': False, 'etat_presence': True, 'etat_auto': '1', 'etat_radar': '1', 'etat_au': '1', 'num_tag': '1011', 'suivi_fil': '1', 'cpt_trame': '52'} in PID 16600
2022-04-13 10:39:44,143 - INFO     - traite_trame.py               :56    - gestion_trame          - 10 02 162073ACSFD53S81104100003000000f10p1012Y1E0F14163üu in PID 23476
2022-04-13 10:39:44,159 - INFO     - Gestion_Process.py            :32    - f_process              - Supervision : AGV_08 {'dde_acquit': 0, 'etat_bumper': False, 'etat_presence': True, 'etat_auto': '1', 'etat_radar': '1', 'etat_au': '1', 'num_tag': '1012', 'suivi_fil': '1', 'cpt_trame': '53'} in PID 16600
2022-04-13 10:39:44,652 - INFO     - traite_trame.py               :56    - gestion_trame          - 10 02 162073ACSFD54S81104100003000000f10p1013Y1E0F14163üu in PID 23476
2022-04-13 10:39:44,716 - INFO     - Gestion_Process.py            :32    - f_process              - Supervision : AGV_08 {'dde_acquit': 0, 'etat_bumper': False, 'etat_presence': True, 'etat_auto': '1', 'etat_radar': '1', 'etat_au': '1', 'num_tag': '1013', 'suivi_fil': '1', 'cpt_trame': '54'} in PID 16600
2022-04-13 10:39:45,161 - INFO     - traite_trame.py               :56    - gestion_trame          - 10 02 162073ACSFD55S81104100003000000f10p1051Y1E0F14163üu in PID 23476
2022-04-13 10:39:45,208 - INFO     - Gestion_Process.py            :32    - f_process              - Supervision : AGV_08 {'dde_acquit': 0, 'etat_bumper': False, 'etat_presence': True, 'etat_auto': '1', 'etat_radar': '1', 'etat_au': '1', 'num_tag': '1051', 'suivi_fil': '1', 'cpt_trame': '55'} in PID 16600
2022-04-13 10:39:45,669 - INFO     - traite_trame.py               :56    - gestion_trame          - 10 02 162073ACSFD56S81104100003000000f10p1014Y1E0F14163üu in PID 23476
2022-04-13 10:39:45,701 - INFO     - Gestion_Process.py            :32    - f_process              - Supervision : AGV_08 {'dde_acquit': 0, 'etat_bumper': False, 'etat_presence': True, 'etat_auto': '1', 'etat_radar': '1', 'etat_au': '1', 'num_tag': '1014', 'suivi_fil': '1', 'cpt_trame': '56'} in PID 16600
2022-04-13 10:39:46,179 - INFO     - traite_trame.py               :56    - gestion_trame          - 10 02 162073ACSFD57S81104100003000000f10p1015Y1E0F14163üu in PID 23476
2022-04-13 10:39:46,195 - INFO     - Gestion_Process.py            :32    - f_process              - Supervision : AGV_08 {'dde_acquit': 0, 'etat_bumper': False, 'etat_presence': True, 'etat_auto': '1', 'etat_radar': '1', 'etat_au': '1', 'num_tag': '1015', 'suivi_fil': '1', 'cpt_trame': '57'} in PID 16600
2022-04-13 10:39:46,687 - INFO     - traite_trame.py               :56    - gestion_trame          - 10 02 162073ACSFD58S81104100003000000f10p1016Y1E0F14163üu in PID 23476
2022-04-13 10:39:46,750 - INFO     - Gestion_Process.py            :32    - f_process              - Supervision : AGV_08 {'dde_acquit': 0, 'etat_bumper': False, 'etat_presence': True, 'etat_auto': '1', 'etat_radar': '1', 'etat_au': '1', 'num_tag': '1016', 'suivi_fil': '1', 'cpt_trame': '58'} in PID 16600
2022-04-13 10:39:47,193 - INFO     - traite_trame.py               :56    - gestion_trame          - 10 02 162073ACSFD59S81104100003000000f10p1047Y1E0F14163üu in PID 23476
2022-04-13 10:39:47,240 - INFO     - Gestion_Process.py            :32    - f_process              - Supervision : AGV_08 {'dde_acquit': 0, 'etat_bumper': False, 'etat_presence': True, 'etat_auto': '1', 'etat_radar': '1', 'etat_au': '1', 'num_tag': '1047', 'suivi_fil': '1', 'cpt_trame': '59'} in PID 16600
2022-04-13 10:39:47,699 - INFO     - traite_trame.py               :56    - gestion_trame          - 10 02 162073ACSFD50S81104100003000000f10p1017Y1E0F14163üu in PID 23476
2022-04-13 10:39:47,732 - INFO     - Gestion_Process.py            :32    - f_process              - Supervision : AGV_08 {'dde_acquit': 0, 'etat_bumper': False, 'etat_presence': True, 'etat_auto': '1', 'etat_radar': '1', 'etat_au': '1', 'num_tag': '1017', 'suivi_fil': '1', 'cpt_trame': '50'} in PID 16600
2022-04-13 10:39:48,210 - INFO     - traite_trame.py               :56    - gestion_trame          - 10 02 162073ACSFD51S81104100003000000f10p1018Y1E0F14163üu in PID 23476
2022-04-13 10:39:48,225 - INFO     - Gestion_Process.py            :32    - f_process              - Supervision : AGV_08 {'dde_acquit': 0, 'etat_bumper': False, 'etat_presence': True, 'etat_auto': '1', 'etat_radar': '1', 'etat_au': '1', 'num_tag': '1018', 'suivi_fil': '1', 'cpt_trame': '51'} in PID 16600
2022-04-13 10:39:48,718 - INFO     - traite_trame.py               :56    - gestion_trame          - 10 02 162073ACSFD52S81104100003000000f10p1048Y1E0F14163üu in PID 23476
2022-04-13 10:39:48,780 - INFO     - Gestion_Process.py            :32    - f_process              - Supervision : AGV_08 {'dde_acquit': 0, 'etat_bumper': False, 'etat_presence': True, 'etat_auto': '1', 'etat_radar': '1', 'etat_au': '1', 'num_tag': '1048', 'suivi_fil': '1', 'cpt_trame': '52'} in PID 16600
2022-04-13 10:39:49,223 - INFO     - traite_trame.py               :56    - gestion_trame          - 10 02 162073ACSFD53S81104100003000000f10p1019Y1E0F14163üu in PID 23476
2022-04-13 10:39:49,270 - INFO     - Gestion_Process.py            :32    - f_process              - Supervision : AGV_08 {'dde_acquit': 0, 'etat_bumper': False, 'etat_presence': True, 'etat_auto': '1', 'etat_radar': '1', 'etat_au': '1', 'num_tag': '1019', 'suivi_fil': '1', 'cpt_trame': '53'} in PID 16600
2022-04-13 10:39:49,733 - INFO     - traite_trame.py               :56    - gestion_trame          - 10 02 162073ACSFD54S81104100003000000f10p1020Y1E0F14163üu in PID 23476
2022-04-13 10:39:49,765 - INFO     - Gestion_Process.py            :32    - f_process              - Supervision : AGV_08 {'dde_acquit': 0, 'etat_bumper': False, 'etat_presence': True, 'etat_auto': '1', 'etat_radar': '1', 'etat_au': '1', 'num_tag': '1020', 'suivi_fil': '1', 'cpt_trame': '54'} in PID 16600
2022-04-13 10:39:50,242 - INFO     - traite_trame.py               :56    - gestion_trame          - 10 02 162073ACSFD55S81104100003000000f10p1022Y1E0F14163üu in PID 23476
2022-04-13 10:39:50,258 - INFO     - Gestion_Process.py            :32    - f_process              - Supervision : AGV_08 {'dde_acquit': 0, 'etat_bumper': False, 'etat_presence': True, 'etat_auto': '1', 'etat_radar': '1', 'etat_au': '1', 'num_tag': '1022', 'suivi_fil': '1', 'cpt_trame': '55'} in PID 16600
2022-04-13 10:39:50,750 - INFO     - traite_trame.py               :56    - gestion_trame          - 10 02 162073ACSFD56S81104100003000000f10p1023Y1E0F14163üu in PID 23476
2022-04-13 10:39:50,813 - INFO     - Gestion_Process.py            :32    - f_process              - Supervision : AGV_08 {'dde_acquit': 0, 'etat_bumper': False, 'etat_presence': True, 'etat_auto': '1', 'etat_radar': '1', 'etat_au': '1', 'num_tag': '1023', 'suivi_fil': '1', 'cpt_trame': '56'} in PID 16600
2022-04-13 10:39:51,259 - INFO     - traite_trame.py               :56    - gestion_trame          - 10 02 162073ACSFD57S81104100003000000f10p1024Y1E0F14163üu in PID 23476
2022-04-13 10:39:51,308 - INFO     - Gestion_Process.py            :32    - f_process              - Supervision : AGV_08 {'dde_acquit': 0, 'etat_bumper': False, 'etat_presence': True, 'etat_auto': '1', 'etat_radar': '1', 'etat_au': '1', 'num_tag': '1024', 'suivi_fil': '1', 'cpt_trame': '57'} in PID 16600
2022-04-13 10:39:51,770 - INFO     - traite_trame.py               :56    - gestion_trame          - 10 02 162073ACSFD58S81104100003000000f10p1025Y1E0F14163üu in PID 23476
2022-04-13 10:39:51,802 - INFO     - Gestion_Process.py            :32    - f_process              - Supervision : AGV_08 {'dde_acquit': 0, 'etat_bumper': False, 'etat_presence': True, 'etat_auto': '1', 'etat_radar': '1', 'etat_au': '1', 'num_tag': '1025', 'suivi_fil': '1', 'cpt_trame': '58'} in PID 16600
2022-04-13 10:39:52,279 - INFO     - traite_trame.py               :56    - gestion_trame          - 10 02 162073ACSFD59S81104100003000000f10p1001Y1E0F14163üu in PID 23476
2022-04-13 10:39:52,295 - INFO     - Gestion_Process.py            :32    - f_process              - Supervision : AGV_08 {'dde_acquit': 0, 'etat_bumper': False, 'etat_presence': True, 'etat_auto': '1', 'etat_radar': '1', 'etat_au': '1', 'num_tag': '1001', 'suivi_fil': '1', 'cpt_trame': '59'} in PID 16600
2022-04-13 10:39:52,784 - INFO     - traite_trame.py               :56    - gestion_trame          - 10 02 162073ACSFD50S81104100003000000f10p1002Y1E0F14163üu in PID 23476
2022-04-13 10:39:52,848 - INFO     - Gestion_Process.py            :32    - f_process              - Supervision : AGV_08 {'dde_acquit': 0, 'etat_bumper': False, 'etat_presence': True, 'etat_auto': '1', 'etat_radar': '1', 'etat_au': '1', 'num_tag': '1002', 'suivi_fil': '1', 'cpt_trame': '50'} in PID 16600
2022-04-13 10:39:53,292 - INFO     - traite_trame.py               :56    - gestion_trame          - 10 02 162073ACSFD51S81104100003000000f10p1003Y1E0F14163üu in PID 23476
2022-04-13 10:39:53,339 - INFO     - Gestion_Process.py            :32    - f_process              - Supervision : AGV_08 {'dde_acquit': 0, 'etat_bumper': False, 'etat_presence': True, 'etat_auto': '1', 'etat_radar': '1', 'etat_au': '1', 'num_tag': '1003', 'suivi_fil': '1', 'cpt_trame': '51'} in PID 16600
2022-04-13 10:39:53,799 - INFO     - traite_trame.py               :56    - gestion_trame          - 10 02 162073ACSFD52S81104100003000000f10p1004Y1E0F14163üu in PID 23476
2022-04-13 10:39:53,830 - INFO     - Gestion_Process.py            :32    - f_process              - Supervision : AGV_08 {'dde_acquit': 0, 'etat_bumper': False, 'etat_presence': True, 'etat_auto': '1', 'etat_radar': '1', 'etat_au': '1', 'num_tag': '1004', 'suivi_fil': '1', 'cpt_trame': '52'} in PID 16600
2022-04-13 10:39:54,306 - INFO     - traite_trame.py               :56    - gestion_trame          - 10 02 162073ACSFD53S81104100003000000f10p1005Y1E0F14163üu in PID 23476
2022-04-13 10:39:54,322 - INFO     - Gestion_Process.py            :32    - f_process              - Supervision : AGV_08 {'dde_acquit': 0, 'etat_bumper': False, 'etat_presence': True, 'etat_auto': '1', 'etat_radar': '1', 'etat_au': '1', 'num_tag': '1005', 'suivi_fil': '1', 'cpt_trame': '53'} in PID 16600
2022-04-13 10:39:54,816 - INFO     - traite_trame.py               :56    - gestion_trame          - 10 02 162073ACSFD54S81104100003000000f10p1006Y1E0F14163üu in PID 23476
2022-04-13 10:39:54,877 - INFO     - Gestion_Process.py            :32    - f_process              - Supervision : AGV_08 {'dde_acquit': 0, 'etat_bumper': False, 'etat_presence': True, 'etat_auto': '1', 'etat_radar': '1', 'etat_au': '1', 'num_tag': '1006', 'suivi_fil': '1', 'cpt_trame': '54'} in PID 16600
2022-04-13 10:39:55,321 - INFO     - traite_trame.py               :56    - gestion_trame          - 10 02 162073ACSFD55S81104100003000000f10p1007Y1E0F14163üu in PID 23476
2022-04-13 10:39:55,369 - INFO     - Gestion_Process.py            :32    - f_process              - Supervision : AGV_08 {'dde_acquit': 0, 'etat_bumper': False, 'etat_presence': True, 'etat_auto': '1', 'etat_radar': '1', 'etat_au': '1', 'num_tag': '1007', 'suivi_fil': '1', 'cpt_trame': '55'} in PID 16600
2022-04-13 10:39:55,829 - INFO     - traite_trame.py               :56    - gestion_trame          - 10 02 162073ACSFD56S81104100003000000f10p1008Y1E0F14163üu in PID 23476
2022-04-13 10:39:55,861 - INFO     - Gestion_Process.py            :32    - f_process              - Supervision : AGV_08 {'dde_acquit': 0, 'etat_bumper': False, 'etat_presence': True, 'etat_auto': '1', 'etat_radar': '1', 'etat_au': '1', 'num_tag': '1008', 'suivi_fil': '1', 'cpt_trame': '56'} in PID 16600
2022-04-13 10:39:56,339 - INFO     - traite_trame.py               :56    - gestion_trame          - 10 02 162073ACSFD57S81104100003000000f10p1009Y1E0F14163üu in PID 23476
2022-04-13 10:39:56,355 - INFO     - Gestion_Process.py            :32    - f_process              - Supervision : AGV_08 {'dde_acquit': 0, 'etat_bumper': False, 'etat_presence': True, 'etat_auto': '1', 'etat_radar': '1', 'etat_au': '1', 'num_tag': '1009', 'suivi_fil': '1', 'cpt_trame': '57'} in PID 16600
2022-04-13 10:39:56,849 - INFO     - traite_trame.py               :56    - gestion_trame          - 10 02 162073ACSFD58S81104100003000000f10p1010Y1E0F14163üu in PID 23476
2022-04-13 10:39:56,911 - INFO     - Gestion_Process.py            :32    - f_process              - Supervision : AGV_08 {'dde_acquit': 0, 'etat_bumper': False, 'etat_presence': True, 'etat_auto': '1', 'etat_radar': '1', 'etat_au': '1', 'num_tag': '1010', 'suivi_fil': '1', 'cpt_trame': '58'} in PID 16600
2022-04-13 10:39:57,357 - INFO     - traite_trame.py               :56    - gestion_trame          - 10 02 162073ACSFD59S81104100003000000f10p1026Y1E0F14163üu in PID 23476
2022-04-13 10:39:57,405 - INFO     - Gestion_Process.py            :32    - f_process              - Supervision : AGV_08 {'dde_acquit': 0, 'etat_bumper': False, 'etat_presence': True, 'etat_auto': '1', 'etat_radar': '1', 'etat_au': '1', 'num_tag': '1026', 'suivi_fil': '1', 'cpt_trame': '59'} in PID 16600
2022-04-13 10:39:57,868 - INFO     - traite_trame.py               :56    - gestion_trame          - 10 02 162073ACSFD50S81104100003000000f10p1027Y1E0F14163üu in PID 23476
2022-04-13 10:39:57,900 - INFO     - Gestion_Process.py            :32    - f_process              - Supervision : AGV_08 {'dde_acquit': 0, 'etat_bumper': False, 'etat_presence': True, 'etat_auto': '1', 'etat_radar': '1', 'etat_au': '1', 'num_tag': '1027', 'suivi_fil': '1', 'cpt_trame': '50'} in PID 16600
2022-04-13 10:39:58,379 - INFO     - traite_trame.py               :56    - gestion_trame          - 10 02 162073ACSFD51S81104100003000000f10p1028Y1E0F14163üu in PID 23476
2022-04-13 10:39:58,395 - INFO     - Gestion_Process.py            :32    - f_process              - Supervision : AGV_08 {'dde_acquit': 0, 'etat_bumper': False, 'etat_presence': True, 'etat_auto': '1', 'etat_radar': '1', 'etat_au': '1', 'num_tag': '1028', 'suivi_fil': '1', 'cpt_trame': '51'} in PID 16600
2022-04-13 10:39:58,888 - INFO     - traite_trame.py               :56    - gestion_trame          - 10 02 162073ACSFD52S81104100003000000f10p1052Y1E0F14163üu in PID 23476
2022-04-13 10:39:58,950 - INFO     - Gestion_Process.py            :32    - f_process              - Supervision : AGV_08 {'dde_acquit': 0, 'etat_bumper': False, 'etat_presence': True, 'etat_auto': '1', 'etat_radar': '1', 'etat_au': '1', 'num_tag': '1052', 'suivi_fil': '1', 'cpt_trame': '52'} in PID 16600
2022-04-13 10:39:59,396 - INFO     - traite_trame.py               :56    - gestion_trame          - 10 02 162073ACSFD53S81104100003000000f10p1029Y1E0F14163üu in PID 23476
2022-04-13 10:39:59,443 - INFO     - Gestion_Process.py            :32    - f_process              - Supervision : AGV_08 {'dde_acquit': 0, 'etat_bumper': False, 'etat_presence': True, 'etat_auto': '1', 'etat_radar': '1', 'etat_au': '1', 'num_tag': '1029', 'suivi_fil': '1', 'cpt_trame': '53'} in PID 16600
2022-04-13 10:39:59,904 - INFO     - traite_trame.py               :56    - gestion_trame          - 10 02 162073ACSFD54S81104100003000000f10p1054Y1E0F14163üu in PID 23476
2022-04-13 10:39:59,939 - INFO     - Gestion_Process.py            :32    - f_process              - Supervision : AGV_08 {'dde_acquit': 0, 'etat_bumper': False, 'etat_presence': True, 'etat_auto': '1', 'etat_radar': '1', 'etat_au': '1', 'num_tag': '1054', 'suivi_fil': '1', 'cpt_trame': '54'} in PID 16600
2022-04-13 10:40:00,414 - INFO     - traite_trame.py               :56    - gestion_trame          - 10 02 162073ACSFD55S81104100003000000f10p1030Y1E0F14163üu in PID 23476
2022-04-13 10:40:00,431 - INFO     - Gestion_Process.py            :32    - f_process              - Supervision : AGV_08 {'dde_acquit': 0, 'etat_bumper': False, 'etat_presence': True, 'etat_auto': '1', 'etat_radar': '1', 'etat_au': '1', 'num_tag': '1030', 'suivi_fil': '1', 'cpt_trame': '55'} in PID 16600
2022-04-13 10:40:00,925 - INFO     - traite_trame.py               :56    - gestion_trame          - 10 02 162073ACSFD56S81104100003000000f10p1031Y1E0F14163üu in PID 23476
2022-04-13 10:40:00,989 - INFO     - Gestion_Process.py            :32    - f_process              - Supervision : AGV_08 {'dde_acquit': 0, 'etat_bumper': False, 'etat_presence': True, 'etat_auto': '1', 'etat_radar': '1', 'etat_au': '1', 'num_tag': '1031', 'suivi_fil': '1', 'cpt_trame': '56'} in PID 16600
2022-04-13 10:40:01,436 - INFO     - traite_trame.py               :56    - gestion_trame          - 10 02 162073ACSFD57S81104100003000000f10p1049Y1E0F14163üu in PID 23476
2022-04-13 10:40:01,483 - INFO     - Gestion_Process.py            :32    - f_process              - Supervision : AGV_08 {'dde_acquit': 0, 'etat_bumper': False, 'etat_presence': True, 'etat_auto': '1', 'etat_radar': '1', 'etat_au': '1', 'num_tag': '1049', 'suivi_fil': '1', 'cpt_trame': '57'} in PID 16600
2022-04-13 10:40:01,950 - INFO     - traite_trame.py               :56    - gestion_trame          - 10 02 162073ACSFD58S81104100003000000f10p1032Y1E0F14163üu in PID 23476
2022-04-13 10:40:01,981 - INFO     - Gestion_Process.py            :32    - f_process              - Supervision : AGV_08 {'dde_acquit': 0, 'etat_bumper': False, 'etat_presence': True, 'etat_auto': '1', 'etat_radar': '1', 'etat_au': '1', 'num_tag': '1032', 'suivi_fil': '1', 'cpt_trame': '58'} in PID 16600
2022-04-13 10:40:02,466 - INFO     - traite_trame.py               :56    - gestion_trame          - 10 02 162073ACSFD59S81104100003000000f10p1034Y1E0F14163üu in PID 23476
2022-04-13 10:40:02,529 - INFO     - Gestion_Process.py            :32    - f_process              - Supervision : AGV_08 {'dde_acquit': 0, 'etat_bumper': False, 'etat_presence': True, 'etat_auto': '1', 'etat_radar': '1', 'etat_au': '1', 'num_tag': '1034', 'suivi_fil': '1', 'cpt_trame': '59'} in PID 16600
2022-04-13 10:40:02,974 - INFO     - traite_trame.py               :56    - gestion_trame          - 10 02 162073ACSFD50S81104100003000000f10p1061Y1E0F14163üu in PID 23476
2022-04-13 10:40:03,021 - INFO     - Gestion_Process.py            :32    - f_process              - Supervision : AGV_08 {'dde_acquit': 0, 'etat_bumper': False, 'etat_presence': True, 'etat_auto': '1', 'etat_radar': '1', 'etat_au': '1', 'num_tag': '1061', 'suivi_fil': '1', 'cpt_trame': '50'} in PID 16600
2022-04-13 10:40:03,482 - INFO     - traite_trame.py               :56    - gestion_trame          - 10 02 162073ACSFD51S81104100003000000f10p1062Y1E0F14163üu in PID 23476
2022-04-13 10:40:03,513 - INFO     - Gestion_Process.py            :32    - f_process              - Supervision : AGV_08 {'dde_acquit': 0, 'etat_bumper': False, 'etat_presence': True, 'etat_auto': '1', 'etat_radar': '1', 'etat_au': '1', 'num_tag': '1062', 'suivi_fil': '1', 'cpt_trame': '51'} in PID 16600
2022-04-13 10:40:03,990 - INFO     - traite_trame.py               :56    - gestion_trame          - 10 02 162073ACSFD52S81104100003000000f10p1037Y1E0F14163üu in PID 23476
2022-04-13 10:40:04,011 - INFO     - Gestion_Process.py            :32    - f_process              - Supervision : AGV_08 {'dde_acquit': 0, 'etat_bumper': False, 'etat_presence': True, 'etat_auto': '1', 'etat_radar': '1', 'etat_au': '1', 'num_tag': '1037', 'suivi_fil': '1', 'cpt_trame': '52'} in PID 16600
2022-04-13 10:40:04,500 - INFO     - traite_trame.py               :56    - gestion_trame          - 10 02 162073ACSFD53S81104100003000000f10p1038Y1E0F14163üu in PID 23476
2022-04-13 10:40:04,562 - INFO     - Gestion_Process.py            :32    - f_process              - Supervision : AGV_08 {'dde_acquit': 0, 'etat_bumper': False, 'etat_presence': True, 'etat_auto': '1', 'etat_radar': '1', 'etat_au': '1', 'num_tag': '1038', 'suivi_fil': '1', 'cpt_trame': '53'} in PID 16600
2022-04-13 10:40:05,008 - INFO     - traite_trame.py               :56    - gestion_trame          - 10 02 162073ACSFD54S81104100003000000f10p1039Y1E0F14163üu in PID 23476
2022-04-13 10:40:05,056 - INFO     - Gestion_Process.py            :32    - f_process              - Supervision : AGV_08 {'dde_acquit': 0, 'etat_bumper': False, 'etat_presence': True, 'etat_auto': '1', 'etat_radar': '1', 'etat_au': '1', 'num_tag': '1039', 'suivi_fil': '1', 'cpt_trame': '54'} in PID 16600
2022-04-13 10:40:05,519 - INFO     - traite_trame.py               :56    - gestion_trame          - 10 02 162073ACSFD55S81104100003000000f10p1040Y1E0F14163üu in PID 23476
2022-04-13 10:40:05,550 - INFO     - Gestion_Process.py            :32    - f_process              - Supervision : AGV_08 {'dde_acquit': 0, 'etat_bumper': False, 'etat_presence': True, 'etat_auto': '1', 'etat_radar': '1', 'etat_au': '1', 'num_tag': '1040', 'suivi_fil': '1', 'cpt_trame': '55'} in PID 16600
2022-04-13 10:40:06,027 - INFO     - traite_trame.py               :56    - gestion_trame          - 10 02 162073ACSFD56S81104100003000000f10p1001Y1E0F14163üu in PID 23476
2022-04-13 10:40:06,044 - INFO     - Gestion_Process.py            :32    - f_process              - Supervision : AGV_08 {'dde_acquit': 0, 'etat_bumper': False, 'etat_presence': True, 'etat_auto': '1', 'etat_radar': '1', 'etat_au': '1', 'num_tag': '1001', 'suivi_fil': '1', 'cpt_trame': '56'} in PID 16600
2022-04-13 10:40:06,539 - INFO     - traite_trame.py               :56    - gestion_trame          - 10 02 162073ACSFD57S81104100003000000f10p1002Y1E0F14163üu in PID 23476
2022-04-13 10:40:06,602 - INFO     - Gestion_Process.py            :32    - f_process              - Supervision : AGV_08 {'dde_acquit': 0, 'etat_bumper': False, 'etat_presence': True, 'etat_auto': '1', 'etat_radar': '1', 'etat_au': '1', 'num_tag': '1002', 'suivi_fil': '1', 'cpt_trame': '57'} in PID 16600
2022-04-13 10:40:07,048 - INFO     - traite_trame.py               :56    - gestion_trame          - 10 02 162073ACSFD58S81104100003000000f10p0500Y1E0F14163üu in PID 23476
2022-04-13 10:40:07,095 - INFO     - Gestion_Process.py            :32    - f_process              - Supervision : AGV_08 {'dde_acquit': 0, 'etat_bumper': False, 'etat_presence': True, 'etat_auto': '1', 'etat_radar': '1', 'etat_au': '1', 'num_tag': '0500', 'suivi_fil': '1', 'cpt_trame': '58'} in PID 16600
2022-04-13 10:40:07,559 - INFO     - traite_trame.py               :56    - gestion_trame          - 10 02 162073ACSFD59S81104100003000000f10p1003Y1E0F14163üu in PID 23476
2022-04-13 10:40:07,590 - INFO     - Gestion_Process.py            :32    - f_process              - Supervision : AGV_08 {'dde_acquit': 0, 'etat_bumper': False, 'etat_presence': True, 'etat_auto': '1', 'etat_radar': '1', 'etat_au': '1', 'num_tag': '1003', 'suivi_fil': '1', 'cpt_trame': '59'} in PID 16600
2022-04-13 10:40:08,066 - INFO     - traite_trame.py               :56    - gestion_trame          - 10 02 162073ACSFD50S81104100003000000f10p1004Y1E0F14163üu in PID 23476
2022-04-13 10:40:08,082 - INFO     - Gestion_Process.py            :32    - f_process              - Supervision : AGV_08 {'dde_acquit': 0, 'etat_bumper': False, 'etat_presence': True, 'etat_auto': '1', 'etat_radar': '1', 'etat_au': '1', 'num_tag': '1004', 'suivi_fil': '1', 'cpt_trame': '50'} in PID 16600
2022-04-13 10:40:08,576 - INFO     - traite_trame.py               :56    - gestion_trame          - 10 02 162073ACSFD51S81104100003000000f10p1005Y1E0F14163üu in PID 23476
2022-04-13 10:40:08,640 - INFO     - Gestion_Process.py            :32    - f_process              - Supervision : AGV_08 {'dde_acquit': 0, 'etat_bumper': False, 'etat_presence': True, 'etat_auto': '1', 'etat_radar': '1', 'etat_au': '1', 'num_tag': '1005', 'suivi_fil': '1', 'cpt_trame': '51'} in PID 16600
2022-04-13 10:40:09,085 - INFO     - traite_trame.py               :56    - gestion_trame          - 10 02 162073ACSFD52S81104100003000000f10p1006Y1E0F14163üu in PID 23476
2022-04-13 10:40:09,133 - INFO     - Gestion_Process.py            :32    - f_process              - Supervision : AGV_08 {'dde_acquit': 0, 'etat_bumper': False, 'etat_presence': True, 'etat_auto': '1', 'etat_radar': '1', 'etat_au': '1', 'num_tag': '1006', 'suivi_fil': '1', 'cpt_trame': '52'} in PID 16600
2022-04-13 10:40:09,594 - INFO     - traite_trame.py               :56    - gestion_trame          - 10 02 162073ACSFD53S81104100003000000f10p0501Y1E0F14163üu in PID 23476
2022-04-13 10:40:09,628 - INFO     - Gestion_Process.py            :32    - f_process              - Supervision : AGV_08 {'dde_acquit': 0, 'etat_bumper': False, 'etat_presence': True, 'etat_auto': '1', 'etat_radar': '1', 'etat_au': '1', 'num_tag': '0501', 'suivi_fil': '1', 'cpt_trame': '53'} in PID 16600
2022-04-13 10:40:10,105 - INFO     - traite_trame.py               :56    - gestion_trame          - 10 02 162073ACSFD54S81104100003000000f10p1007Y1E0F14163üu in PID 23476
2022-04-13 10:40:10,121 - INFO     - Gestion_Process.py            :32    - f_process              - Supervision : AGV_08 {'dde_acquit': 0, 'etat_bumper': False, 'etat_presence': True, 'etat_auto': '1', 'etat_radar': '1', 'etat_au': '1', 'num_tag': '1007', 'suivi_fil': '1', 'cpt_trame': '54'} in PID 16600
2022-04-13 10:40:10,615 - INFO     - traite_trame.py               :56    - gestion_trame          - 10 02 162073ACSFD55S81104100003000000f10p1008Y1E0F14163üu in PID 23476
2022-04-13 10:40:10,679 - INFO     - Gestion_Process.py            :32    - f_process              - Supervision : AGV_08 {'dde_acquit': 0, 'etat_bumper': False, 'etat_presence': True, 'etat_auto': '1', 'etat_radar': '1', 'etat_au': '1', 'num_tag': '1008', 'suivi_fil': '1', 'cpt_trame': '55'} in PID 16600
2022-04-13 10:40:11,125 - INFO     - traite_trame.py               :56    - gestion_trame          - 10 02 162073ACSFD56S81104100003000000f10p1009Y1E0F14163üu in PID 23476
2022-04-13 10:40:11,173 - INFO     - Gestion_Process.py            :32    - f_process              - Supervision : AGV_08 {'dde_acquit': 0, 'etat_bumper': False, 'etat_presence': True, 'etat_auto': '1', 'etat_radar': '1', 'etat_au': '1', 'num_tag': '1009', 'suivi_fil': '1', 'cpt_trame': '56'} in PID 16600
2022-04-13 10:40:11,636 - INFO     - traite_trame.py               :56    - gestion_trame          - 10 02 162073ACSFD57S81104100003000000f10p1010Y1E0F14163üu in PID 23476
2022-04-13 10:40:11,670 - INFO     - Gestion_Process.py            :32    - f_process              - Supervision : AGV_08 {'dde_acquit': 0, 'etat_bumper': False, 'etat_presence': True, 'etat_auto': '1', 'etat_radar': '1', 'etat_au': '1', 'num_tag': '1010', 'suivi_fil': '1', 'cpt_trame': '57'} in PID 16600
2022-04-13 10:40:12,144 - INFO     - traite_trame.py               :56    - gestion_trame          - 10 02 162073ACSFD58S81104100003000000f10p1011Y1E0F14163üu in PID 23476
2022-04-13 10:40:12,161 - INFO     - Gestion_Process.py            :32    - f_process              - Supervision : AGV_08 {'dde_acquit': 0, 'etat_bumper': False, 'etat_presence': True, 'etat_auto': '1', 'etat_radar': '1', 'etat_au': '1', 'num_tag': '1011', 'suivi_fil': '1', 'cpt_trame': '58'} in PID 16600
2022-04-13 10:40:12,655 - INFO     - traite_trame.py               :56    - gestion_trame          - 10 02 162073ACSFD59S81104100003000000f10p1012Y1E0F14163üu in PID 23476
2022-04-13 10:40:12,717 - INFO     - Gestion_Process.py            :32    - f_process              - Supervision : AGV_08 {'dde_acquit': 0, 'etat_bumper': False, 'etat_presence': True, 'etat_auto': '1', 'etat_radar': '1', 'etat_au': '1', 'num_tag': '1012', 'suivi_fil': '1', 'cpt_trame': '59'} in PID 16600
2022-04-13 10:40:13,162 - INFO     - traite_trame.py               :56    - gestion_trame          - 10 02 162073ACSFD50S81104100003000000f10p1013Y1E0F14163üu in PID 23476
2022-04-13 10:40:13,209 - INFO     - Gestion_Process.py            :32    - f_process              - Supervision : AGV_08 {'dde_acquit': 0, 'etat_bumper': False, 'etat_presence': True, 'etat_auto': '1', 'etat_radar': '1', 'etat_au': '1', 'num_tag': '1013', 'suivi_fil': '1', 'cpt_trame': '50'} in PID 16600
2022-04-13 10:40:13,672 - INFO     - traite_trame.py               :56    - gestion_trame          - 10 02 162073ACSFD51S81104100003000000f10p1051Y1E0F14163üu in PID 23476
2022-04-13 10:40:13,703 - INFO     - Gestion_Process.py            :32    - f_process              - Supervision : AGV_08 {'dde_acquit': 0, 'etat_bumper': False, 'etat_presence': True, 'etat_auto': '1', 'etat_radar': '1', 'etat_au': '1', 'num_tag': '1051', 'suivi_fil': '1', 'cpt_trame': '51'} in PID 16600
2022-04-13 10:40:14,181 - INFO     - traite_trame.py               :56    - gestion_trame          - 10 02 162073ACSFD52S81104100003000000f10p1014Y1E0F14163üu in PID 23476
2022-04-13 10:40:14,197 - INFO     - Gestion_Process.py            :32    - f_process              - Supervision : AGV_08 {'dde_acquit': 0, 'etat_bumper': False, 'etat_presence': True, 'etat_auto': '1', 'etat_radar': '1', 'etat_au': '1', 'num_tag': '1014', 'suivi_fil': '1', 'cpt_trame': '52'} in PID 16600
2022-04-13 10:40:14,690 - INFO     - traite_trame.py               :56    - gestion_trame          - 10 02 162073ACSFD53S81104100003000000f10p1015Y1E0F14163üu in PID 23476
2022-04-13 10:40:14,752 - INFO     - Gestion_Process.py            :32    - f_process              - Supervision : AGV_08 {'dde_acquit': 0, 'etat_bumper': False, 'etat_presence': True, 'etat_auto': '1', 'etat_radar': '1', 'etat_au': '1', 'num_tag': '1015', 'suivi_fil': '1', 'cpt_trame': '53'} in PID 16600
2022-04-13 10:40:15,201 - INFO     - traite_trame.py               :56    - gestion_trame          - 10 02 162073ACSFD54S81104100003000000f10p1016Y1E0F14163üu in PID 23476
2022-04-13 10:40:15,248 - INFO     - Gestion_Process.py            :32    - f_process              - Supervision : AGV_08 {'dde_acquit': 0, 'etat_bumper': False, 'etat_presence': True, 'etat_auto': '1', 'etat_radar': '1', 'etat_au': '1', 'num_tag': '1016', 'suivi_fil': '1', 'cpt_trame': '54'} in PID 16600
2022-04-13 10:40:15,708 - INFO     - traite_trame.py               :56    - gestion_trame          - 10 02 162073ACSFD55S81104100003000000f10p1047Y1E0F14163üu in PID 23476
2022-04-13 10:40:15,739 - INFO     - Gestion_Process.py            :32    - f_process              - Supervision : AGV_08 {'dde_acquit': 0, 'etat_bumper': False, 'etat_presence': True, 'etat_auto': '1', 'etat_radar': '1', 'etat_au': '1', 'num_tag': '1047', 'suivi_fil': '1', 'cpt_trame': '55'} in PID 16600
2022-04-13 10:40:16,214 - INFO     - traite_trame.py               :56    - gestion_trame          - 10 02 162073ACSFD56S81104100003000000f10p1017Y1E0F14163üu in PID 23476
2022-04-13 10:40:16,231 - INFO     - Gestion_Process.py            :32    - f_process              - Supervision : AGV_08 {'dde_acquit': 0, 'etat_bumper': False, 'etat_presence': True, 'etat_auto': '1', 'etat_radar': '1', 'etat_au': '1', 'num_tag': '1017', 'suivi_fil': '1', 'cpt_trame': '56'} in PID 16600
2022-04-13 10:40:16,722 - INFO     - traite_trame.py               :56    - gestion_trame          - 10 02 162073ACSFD57S81104100003000000f10p1018Y1E0F14163üu in PID 23476
2022-04-13 10:40:16,785 - INFO     - Gestion_Process.py            :32    - f_process              - Supervision : AGV_08 {'dde_acquit': 0, 'etat_bumper': False, 'etat_presence': True, 'etat_auto': '1', 'etat_radar': '1', 'etat_au': '1', 'num_tag': '1018', 'suivi_fil': '1', 'cpt_trame': '57'} in PID 16600
2022-04-13 10:40:17,231 - INFO     - traite_trame.py               :56    - gestion_trame          - 10 02 162073ACSFD58S81104100003000000f10p1048Y1E0F14163üu in PID 23476
2022-04-13 10:40:17,280 - INFO     - Gestion_Process.py            :32    - f_process              - Supervision : AGV_08 {'dde_acquit': 0, 'etat_bumper': False, 'etat_presence': True, 'etat_auto': '1', 'etat_radar': '1', 'etat_au': '1', 'num_tag': '1048', 'suivi_fil': '1', 'cpt_trame': '58'} in PID 16600
2022-04-13 10:40:17,741 - INFO     - traite_trame.py               :56    - gestion_trame          - 10 02 162073ACSFD59S81104100003000000f10p1019Y1E0F14163üu in PID 23476
2022-04-13 10:40:17,773 - INFO     - Gestion_Process.py            :32    - f_process              - Supervision : AGV_08 {'dde_acquit': 0, 'etat_bumper': False, 'etat_presence': True, 'etat_auto': '1', 'etat_radar': '1', 'etat_au': '1', 'num_tag': '1019', 'suivi_fil': '1', 'cpt_trame': '59'} in PID 16600
2022-04-13 10:40:18,250 - INFO     - traite_trame.py               :56    - gestion_trame          - 10 02 162073ACSFD50S81104100003000000f10p1020Y1E0F14163üu in PID 23476
2022-04-13 10:40:18,267 - INFO     - Gestion_Process.py            :32    - f_process              - Supervision : AGV_08 {'dde_acquit': 0, 'etat_bumper': False, 'etat_presence': True, 'etat_auto': '1', 'etat_radar': '1', 'etat_au': '1', 'num_tag': '1020', 'suivi_fil': '1', 'cpt_trame': '50'} in PID 16600
2022-04-13 10:40:18,759 - INFO     - traite_trame.py               :56    - gestion_trame          - 10 02 162073ACSFD51S81104100003000000f10p1022Y1E0F14163üu in PID 23476
2022-04-13 10:40:18,822 - INFO     - Gestion_Process.py            :32    - f_process              - Supervision : AGV_08 {'dde_acquit': 0, 'etat_bumper': False, 'etat_presence': True, 'etat_auto': '1', 'etat_radar': '1', 'etat_au': '1', 'num_tag': '1022', 'suivi_fil': '1', 'cpt_trame': '51'} in PID 16600
2022-04-13 10:40:19,268 - INFO     - traite_trame.py               :56    - gestion_trame          - 10 02 162073ACSFD52S81104100003000000f10p1023Y1E0F14163üu in PID 23476
2022-04-13 10:40:19,316 - INFO     - Gestion_Process.py            :32    - f_process              - Supervision : AGV_08 {'dde_acquit': 0, 'etat_bumper': False, 'etat_presence': True, 'etat_auto': '1', 'etat_radar': '1', 'etat_au': '1', 'num_tag': '1023', 'suivi_fil': '1', 'cpt_trame': '52'} in PID 16600
2022-04-13 10:40:19,778 - INFO     - traite_trame.py               :56    - gestion_trame          - 10 02 162073ACSFD53S81104100003000000f10p1024Y1E0F14163üu in PID 23476
2022-04-13 10:40:19,809 - INFO     - Gestion_Process.py            :32    - f_process              - Supervision : AGV_08 {'dde_acquit': 0, 'etat_bumper': False, 'etat_presence': True, 'etat_auto': '1', 'etat_radar': '1', 'etat_au': '1', 'num_tag': '1024', 'suivi_fil': '1', 'cpt_trame': '53'} in PID 16600
2022-04-13 10:40:20,288 - INFO     - traite_trame.py               :56    - gestion_trame          - 10 02 162073ACSFD54S81104100003000000f10p1025Y1E0F14163üu in PID 23476
2022-04-13 10:40:20,304 - INFO     - Gestion_Process.py            :32    - f_process              - Supervision : AGV_08 {'dde_acquit': 0, 'etat_bumper': False, 'etat_presence': True, 'etat_auto': '1', 'etat_radar': '1', 'etat_au': '1', 'num_tag': '1025', 'suivi_fil': '1', 'cpt_trame': '54'} in PID 16600
2022-04-13 10:40:20,798 - INFO     - traite_trame.py               :56    - gestion_trame          - 10 02 162073ACSFD55S81104100003000000f10p1001Y1E0F14163üu in PID 23476
2022-04-13 10:40:20,861 - INFO     - Gestion_Process.py            :32    - f_process              - Supervision : AGV_08 {'dde_acquit': 0, 'etat_bumper': False, 'etat_presence': True, 'etat_auto': '1', 'etat_radar': '1', 'etat_au': '1', 'num_tag': '1001', 'suivi_fil': '1', 'cpt_trame': '55'} in PID 16600
2022-04-13 10:40:21,307 - INFO     - traite_trame.py               :56    - gestion_trame          - 10 02 162073ACSFD56S81104100003000000f10p1002Y1E0F14163üu in PID 23476
2022-04-13 10:40:21,354 - INFO     - Gestion_Process.py            :32    - f_process              - Supervision : AGV_08 {'dde_acquit': 0, 'etat_bumper': False, 'etat_presence': True, 'etat_auto': '1', 'etat_radar': '1', 'etat_au': '1', 'num_tag': '1002', 'suivi_fil': '1', 'cpt_trame': '56'} in PID 16600
2022-04-13 10:40:21,815 - INFO     - traite_trame.py               :56    - gestion_trame          - 10 02 162073ACSFD57S81104100003000000f10p1003Y1E0F14163üu in PID 23476
2022-04-13 10:40:21,847 - INFO     - Gestion_Process.py            :32    - f_process              - Supervision : AGV_08 {'dde_acquit': 0, 'etat_bumper': False, 'etat_presence': True, 'etat_auto': '1', 'etat_radar': '1', 'etat_au': '1', 'num_tag': '1003', 'suivi_fil': '1', 'cpt_trame': '57'} in PID 16600
2022-04-13 10:40:22,326 - INFO     - traite_trame.py               :56    - gestion_trame          - 10 02 162073ACSFD58S81104100003000000f10p1004Y1E0F14163üu in PID 23476
2022-04-13 10:40:22,342 - INFO     - Gestion_Process.py            :32    - f_process              - Supervision : AGV_08 {'dde_acquit': 0, 'etat_bumper': False, 'etat_presence': True, 'etat_auto': '1', 'etat_radar': '1', 'etat_au': '1', 'num_tag': '1004', 'suivi_fil': '1', 'cpt_trame': '58'} in PID 16600
2022-04-13 10:40:22,834 - INFO     - traite_trame.py               :56    - gestion_trame          - 10 02 162073ACSFD59S81104100003000000f10p1005Y1E0F14163üu in PID 23476
2022-04-13 10:40:22,898 - INFO     - Gestion_Process.py            :32    - f_process              - Supervision : AGV_08 {'dde_acquit': 0, 'etat_bumper': False, 'etat_presence': True, 'etat_auto': '1', 'etat_radar': '1', 'etat_au': '1', 'num_tag': '1005', 'suivi_fil': '1', 'cpt_trame': '59'} in PID 16600
2022-04-13 10:40:23,343 - INFO     - traite_trame.py               :56    - gestion_trame          - 10 02 162073ACSFD50S81104100003000000f10p1006Y1E0F14163üu in PID 23476
2022-04-13 10:40:23,390 - INFO     - Gestion_Process.py            :32    - f_process              - Supervision : AGV_08 {'dde_acquit': 0, 'etat_bumper': False, 'etat_presence': True, 'etat_auto': '1', 'etat_radar': '1', 'etat_au': '1', 'num_tag': '1006', 'suivi_fil': '1', 'cpt_trame': '50'} in PID 16600
2022-04-13 10:40:23,853 - INFO     - traite_trame.py               :56    - gestion_trame          - 10 02 162073ACSFD51S81104100003000000f10p1007Y1E0F14163üu in PID 23476
2022-04-13 10:40:23,883 - INFO     - Gestion_Process.py            :32    - f_process              - Supervision : AGV_08 {'dde_acquit': 0, 'etat_bumper': False, 'etat_presence': True, 'etat_auto': '1', 'etat_radar': '1', 'etat_au': '1', 'num_tag': '1007', 'suivi_fil': '1', 'cpt_trame': '51'} in PID 16600
2022-04-13 10:40:24,362 - INFO     - traite_trame.py               :56    - gestion_trame          - 10 02 162073ACSFD52S81104100003000000f10p1008Y1E0F14163üu in PID 23476
2022-04-13 10:40:24,378 - INFO     - Gestion_Process.py            :32    - f_process              - Supervision : AGV_08 {'dde_acquit': 0, 'etat_bumper': False, 'etat_presence': True, 'etat_auto': '1', 'etat_radar': '1', 'etat_au': '1', 'num_tag': '1008', 'suivi_fil': '1', 'cpt_trame': '52'} in PID 16600
2022-04-13 10:40:24,871 - INFO     - traite_trame.py               :56    - gestion_trame          - 10 02 162073ACSFD53S81104100003000000f10p1009Y1E0F14163üu in PID 23476
2022-04-13 10:40:24,933 - INFO     - Gestion_Process.py            :32    - f_process              - Supervision : AGV_08 {'dde_acquit': 0, 'etat_bumper': False, 'etat_presence': True, 'etat_auto': '1', 'etat_radar': '1', 'etat_au': '1', 'num_tag': '1009', 'suivi_fil': '1', 'cpt_trame': '53'} in PID 16600
2022-04-13 10:40:25,379 - INFO     - traite_trame.py               :56    - gestion_trame          - 10 02 162073ACSFD54S81104100003000000f10p1010Y1E0F14163üu in PID 23476
2022-04-13 10:40:25,427 - INFO     - Gestion_Process.py            :32    - f_process              - Supervision : AGV_08 {'dde_acquit': 0, 'etat_bumper': False, 'etat_presence': True, 'etat_auto': '1', 'etat_radar': '1', 'etat_au': '1', 'num_tag': '1010', 'suivi_fil': '1', 'cpt_trame': '54'} in PID 16600
2022-04-13 10:40:25,887 - INFO     - traite_trame.py               :56    - gestion_trame          - 10 02 162073ACSFD55S81104100003000000f10p1026Y1E0F14163üu in PID 23476
2022-04-13 10:40:25,919 - INFO     - Gestion_Process.py            :32    - f_process              - Supervision : AGV_08 {'dde_acquit': 0, 'etat_bumper': False, 'etat_presence': True, 'etat_auto': '1', 'etat_radar': '1', 'etat_au': '1', 'num_tag': '1026', 'suivi_fil': '1', 'cpt_trame': '55'} in PID 16600
2022-04-13 10:40:26,396 - INFO     - traite_trame.py               :56    - gestion_trame          - 10 02 162073ACSFD56S81104100003000000f10p1027Y1E0F14163üu in PID 23476
2022-04-13 10:40:26,413 - INFO     - Gestion_Process.py            :32    - f_process              - Supervision : AGV_08 {'dde_acquit': 0, 'etat_bumper': False, 'etat_presence': True, 'etat_auto': '1', 'etat_radar': '1', 'etat_au': '1', 'num_tag': '1027', 'suivi_fil': '1', 'cpt_trame': '56'} in PID 16600
2022-04-13 10:40:26,906 - INFO     - traite_trame.py               :56    - gestion_trame          - 10 02 162073ACSFD57S81104100003000000f10p1028Y1E0F14163üu in PID 23476
2022-04-13 10:40:26,968 - INFO     - Gestion_Process.py            :32    - f_process              - Supervision : AGV_08 {'dde_acquit': 0, 'etat_bumper': False, 'etat_presence': True, 'etat_auto': '1', 'etat_radar': '1', 'etat_au': '1', 'num_tag': '1028', 'suivi_fil': '1', 'cpt_trame': '57'} in PID 16600
2022-04-13 10:40:27,413 - INFO     - traite_trame.py               :56    - gestion_trame          - 10 02 162073ACSFD58S81104100003000000f10p1052Y1E0F14163üu in PID 23476
2022-04-13 10:40:27,461 - INFO     - Gestion_Process.py            :32    - f_process              - Supervision : AGV_08 {'dde_acquit': 0, 'etat_bumper': False, 'etat_presence': True, 'etat_auto': '1', 'etat_radar': '1', 'etat_au': '1', 'num_tag': '1052', 'suivi_fil': '1', 'cpt_trame': '58'} in PID 16600
2022-04-13 10:40:27,924 - INFO     - traite_trame.py               :56    - gestion_trame          - 10 02 162073ACSFD59S81104100003000000f10p1029Y1E0F14163üu in PID 23476
2022-04-13 10:40:27,955 - INFO     - Gestion_Process.py            :32    - f_process              - Supervision : AGV_08 {'dde_acquit': 0, 'etat_bumper': False, 'etat_presence': True, 'etat_auto': '1', 'etat_radar': '1', 'etat_au': '1', 'num_tag': '1029', 'suivi_fil': '1', 'cpt_trame': '59'} in PID 16600
2022-04-13 10:40:28,433 - INFO     - traite_trame.py               :56    - gestion_trame          - 10 02 162073ACSFD50S81104100003000000f10p1054Y1E0F14163üu in PID 23476
2022-04-13 10:40:28,449 - INFO     - Gestion_Process.py            :32    - f_process              - Supervision : AGV_08 {'dde_acquit': 0, 'etat_bumper': False, 'etat_presence': True, 'etat_auto': '1', 'etat_radar': '1', 'etat_au': '1', 'num_tag': '1054', 'suivi_fil': '1', 'cpt_trame': '50'} in PID 16600
2022-04-13 10:40:28,941 - INFO     - traite_trame.py               :56    - gestion_trame          - 10 02 162073ACSFD51S81104100003000000f10p1030Y1E0F14163üu in PID 23476
2022-04-13 10:40:29,005 - INFO     - Gestion_Process.py            :32    - f_process              - Supervision : AGV_08 {'dde_acquit': 0, 'etat_bumper': False, 'etat_presence': True, 'etat_auto': '1', 'etat_radar': '1', 'etat_au': '1', 'num_tag': '1030', 'suivi_fil': '1', 'cpt_trame': '51'} in PID 16600
2022-04-13 10:40:29,451 - INFO     - traite_trame.py               :56    - gestion_trame          - 10 02 162073ACSFD52S81104100003000000f10p1031Y1E0F14163üu in PID 23476
2022-04-13 10:40:29,500 - INFO     - Gestion_Process.py            :32    - f_process              - Supervision : AGV_08 {'dde_acquit': 0, 'etat_bumper': False, 'etat_presence': True, 'etat_auto': '1', 'etat_radar': '1', 'etat_au': '1', 'num_tag': '1031', 'suivi_fil': '1', 'cpt_trame': '52'} in PID 16600
2022-04-13 10:40:29,962 - INFO     - traite_trame.py               :56    - gestion_trame          - 10 02 162073ACSFD53S81104100003000000f10p1049Y1E0F14163üu in PID 23476
2022-04-13 10:40:29,993 - INFO     - Gestion_Process.py            :32    - f_process              - Supervision : AGV_08 {'dde_acquit': 0, 'etat_bumper': False, 'etat_presence': True, 'etat_auto': '1', 'etat_radar': '1', 'etat_au': '1', 'num_tag': '1049', 'suivi_fil': '1', 'cpt_trame': '53'} in PID 16600
2022-04-13 10:40:30,472 - INFO     - traite_trame.py               :56    - gestion_trame          - 10 02 162073ACSFD54S81104100003000000f10p1032Y1E0F14163üu in PID 23476
2022-04-13 10:40:30,490 - INFO     - Gestion_Process.py            :32    - f_process              - Supervision : AGV_08 {'dde_acquit': 0, 'etat_bumper': False, 'etat_presence': True, 'etat_auto': '1', 'etat_radar': '1', 'etat_au': '1', 'num_tag': '1032', 'suivi_fil': '1', 'cpt_trame': '54'} in PID 16600
2022-04-13 10:40:30,982 - INFO     - traite_trame.py               :56    - gestion_trame          - 10 02 162073ACSFD55S81104100003000000f10p1034Y1E0F14163üu in PID 23476
2022-04-13 10:40:31,046 - INFO     - Gestion_Process.py            :32    - f_process              - Supervision : AGV_08 {'dde_acquit': 0, 'etat_bumper': False, 'etat_presence': True, 'etat_auto': '1', 'etat_radar': '1', 'etat_au': '1', 'num_tag': '1034', 'suivi_fil': '1', 'cpt_trame': '55'} in PID 16600
2022-04-13 10:40:31,494 - INFO     - traite_trame.py               :56    - gestion_trame          - 10 02 162073ACSFD56S81104100003000000f10p1061Y1E0F14163üu in PID 23476
2022-04-13 10:40:31,540 - INFO     - Gestion_Process.py            :32    - f_process              - Supervision : AGV_08 {'dde_acquit': 0, 'etat_bumper': False, 'etat_presence': True, 'etat_auto': '1', 'etat_radar': '1', 'etat_au': '1', 'num_tag': '1061', 'suivi_fil': '1', 'cpt_trame': '56'} in PID 16600
2022-04-13 10:40:32,002 - INFO     - traite_trame.py               :56    - gestion_trame          - 10 02 162073ACSFD57S81104100003000000f10p1062Y1E0F14163üu in PID 23476
2022-04-13 10:40:32,035 - INFO     - Gestion_Process.py            :32    - f_process              - Supervision : AGV_08 {'dde_acquit': 0, 'etat_bumper': False, 'etat_presence': True, 'etat_auto': '1', 'etat_radar': '1', 'etat_au': '1', 'num_tag': '1062', 'suivi_fil': '1', 'cpt_trame': '57'} in PID 16600
2022-04-13 10:40:32,513 - INFO     - traite_trame.py               :56    - gestion_trame          - 10 02 162073ACSFD58S81104100003000000f10p1037Y1E0F14163üu in PID 23476
2022-04-13 10:40:32,529 - INFO     - Gestion_Process.py            :32    - f_process              - Supervision : AGV_08 {'dde_acquit': 0, 'etat_bumper': False, 'etat_presence': True, 'etat_auto': '1', 'etat_radar': '1', 'etat_au': '1', 'num_tag': '1037', 'suivi_fil': '1', 'cpt_trame': '58'} in PID 16600
2022-04-13 10:40:33,021 - INFO     - traite_trame.py               :56    - gestion_trame          - 10 02 162073ACSFD59S81104100003000000f10p1038Y1E0F14163üu in PID 23476
2022-04-13 10:40:33,085 - INFO     - Gestion_Process.py            :32    - f_process              - Supervision : AGV_08 {'dde_acquit': 0, 'etat_bumper': False, 'etat_presence': True, 'etat_auto': '1', 'etat_radar': '1', 'etat_au': '1', 'num_tag': '1038', 'suivi_fil': '1', 'cpt_trame': '59'} in PID 16600
2022-04-13 10:40:33,529 - INFO     - traite_trame.py               :56    - gestion_trame          - 10 02 162073ACSFD50S81104100003000000f10p1039Y1E0F14163üu in PID 23476
2022-04-13 10:40:33,577 - INFO     - Gestion_Process.py            :32    - f_process              - Supervision : AGV_08 {'dde_acquit': 0, 'etat_bumper': False, 'etat_presence': True, 'etat_auto': '1', 'etat_radar': '1', 'etat_au': '1', 'num_tag': '1039', 'suivi_fil': '1', 'cpt_trame': '50'} in PID 16600
2022-04-13 10:40:34,037 - INFO     - traite_trame.py               :56    - gestion_trame          - 10 02 162073ACSFD51S81104100003000000f10p1040Y1E0F14163üu in PID 23476
2022-04-13 10:40:34,069 - INFO     - Gestion_Process.py            :32    - f_process              - Supervision : AGV_08 {'dde_acquit': 0, 'etat_bumper': False, 'etat_presence': True, 'etat_auto': '1', 'etat_radar': '1', 'etat_au': '1', 'num_tag': '1040', 'suivi_fil': '1', 'cpt_trame': '51'} in PID 16600
2022-04-13 10:40:34,544 - INFO     - traite_trame.py               :56    - gestion_trame          - 10 02 162073ACSFD52S81104100003000000f10p1001Y1E0F14163üu in PID 23476
2022-04-13 10:40:34,561 - INFO     - Gestion_Process.py            :32    - f_process              - Supervision : AGV_08 {'dde_acquit': 0, 'etat_bumper': False, 'etat_presence': True, 'etat_auto': '1', 'etat_radar': '1', 'etat_au': '1', 'num_tag': '1001', 'suivi_fil': '1', 'cpt_trame': '52'} in PID 16600
2022-04-13 10:40:35,054 - INFO     - traite_trame.py               :56    - gestion_trame          - 10 02 162073ACSFD53S81104100003000000f10p1002Y1E0F14163üu in PID 23476
2022-04-13 10:40:35,117 - INFO     - Gestion_Process.py            :32    - f_process              - Supervision : AGV_08 {'dde_acquit': 0, 'etat_bumper': False, 'etat_presence': True, 'etat_auto': '1', 'etat_radar': '1', 'etat_au': '1', 'num_tag': '1002', 'suivi_fil': '1', 'cpt_trame': '53'} in PID 16600
2022-04-13 10:40:35,564 - INFO     - traite_trame.py               :56    - gestion_trame          - 10 02 162073ACSFD54S81104100003000000f10p0500Y1E0F14163üu in PID 23476
2022-04-13 10:40:35,611 - INFO     - Gestion_Process.py            :32    - f_process              - Supervision : AGV_08 {'dde_acquit': 0, 'etat_bumper': False, 'etat_presence': True, 'etat_auto': '1', 'etat_radar': '1', 'etat_au': '1', 'num_tag': '0500', 'suivi_fil': '1', 'cpt_trame': '54'} in PID 16600
2022-04-13 10:40:36,073 - INFO     - traite_trame.py               :56    - gestion_trame          - 10 02 162073ACSFD55S81104100003000000f10p1003Y1E0F14163üu in PID 23476
2022-04-13 10:40:36,105 - INFO     - Gestion_Process.py            :32    - f_process              - Supervision : AGV_08 {'dde_acquit': 0, 'etat_bumper': False, 'etat_presence': True, 'etat_auto': '1', 'etat_radar': '1', 'etat_au': '1', 'num_tag': '1003', 'suivi_fil': '1', 'cpt_trame': '55'} in PID 16600
2022-04-13 10:40:36,575 - INFO     - traite_trame.py               :56    - gestion_trame          - 10 02 162073ACSFD56S81104100003000000f10p1004Y1E0F14163üu in PID 23476
2022-04-13 10:40:36,592 - INFO     - Gestion_Process.py            :32    - f_process              - Supervision : AGV_08 {'dde_acquit': 0, 'etat_bumper': False, 'etat_presence': True, 'etat_auto': '1', 'etat_radar': '1', 'etat_au': '1', 'num_tag': '1004', 'suivi_fil': '1', 'cpt_trame': '56'} in PID 16600
2022-04-13 10:40:37,082 - INFO     - traite_trame.py               :56    - gestion_trame          - 10 02 162073ACSFD57S81104100003000000f10p1005Y1E0F14163üu in PID 23476
2022-04-13 10:40:37,145 - INFO     - Gestion_Process.py            :32    - f_process              - Supervision : AGV_08 {'dde_acquit': 0, 'etat_bumper': False, 'etat_presence': True, 'etat_auto': '1', 'etat_radar': '1', 'etat_au': '1', 'num_tag': '1005', 'suivi_fil': '1', 'cpt_trame': '57'} in PID 16600
2022-04-13 10:40:37,589 - INFO     - traite_trame.py               :56    - gestion_trame          - 10 02 162073ACSFD58S81104100003000000f10p1006Y1E0F14163üu in PID 23476
2022-04-13 10:40:37,636 - INFO     - Gestion_Process.py            :32    - f_process              - Supervision : AGV_08 {'dde_acquit': 0, 'etat_bumper': False, 'etat_presence': True, 'etat_auto': '1', 'etat_radar': '1', 'etat_au': '1', 'num_tag': '1006', 'suivi_fil': '1', 'cpt_trame': '58'} in PID 16600
2022-04-13 10:40:38,098 - INFO     - traite_trame.py               :56    - gestion_trame          - 10 02 162073ACSFD59S81104100003000000f10p0501Y1E0F14163üu in PID 23476
2022-04-13 10:40:38,130 - INFO     - Gestion_Process.py            :32    - f_process              - Supervision : AGV_08 {'dde_acquit': 0, 'etat_bumper': False, 'etat_presence': True, 'etat_auto': '1', 'etat_radar': '1', 'etat_au': '1', 'num_tag': '0501', 'suivi_fil': '1', 'cpt_trame': '59'} in PID 16600
2022-04-13 10:40:38,609 - INFO     - traite_trame.py               :56    - gestion_trame          - 10 02 162073ACSFD50S81104100003000000f10p1007Y1E0F14163üu in PID 23476
2022-04-13 10:40:38,625 - INFO     - Gestion_Process.py            :32    - f_process              - Supervision : AGV_08 {'dde_acquit': 0, 'etat_bumper': False, 'etat_presence': True, 'etat_auto': '1', 'etat_radar': '1', 'etat_au': '1', 'num_tag': '1007', 'suivi_fil': '1', 'cpt_trame': '50'} in PID 16600
2022-04-13 10:40:38,910 - INFO     - Server_Socket_multiprocess.py :71    - f_agv                  - erreur de socket : [WinError 10054] Une connexion existante a dû être fermée par l’hôte distant in PID 23476
2022-04-13 10:40:38,910 - INFO     - Server_Socket_multiprocess.py :79    - f_agv                  - suppression de la connexion : adr_ip = 127.0.0.1  port = 57946 in PID 23476
2022-04-13 10:40:38,911 - INFO     - Server_Socket_multiprocess.py :84    - f_agv                  - sortie du process : adr_ip = 127.0.0.1  port = 57946 in PID 23476
